<?xml version="1.0" encoding="UTF-8"?>
<testng-results ignored="0" total="2" passed="2" failed="0" skipped="0">
  <reporter-output>
  </reporter-output>
  <suite started-at="2024-04-22T07:59:52 IST" name="Suite" finished-at="2024-04-22T08:02:01 IST" duration-ms="129400">
    <groups>
    </groups>
    <test started-at="2024-04-22T07:59:52 IST" name="Test" finished-at="2024-04-22T08:02:01 IST" duration-ms="129400">
      <class name="food.LaunchZamato_Test">
        <test-method signature="Zamato()[pri:0, instance:food.LaunchZamato_Test@74455848]" started-at="2024-04-22T08:01:16 IST" name="Zamato" finished-at="2024-04-22T08:02:01 IST" duration-ms="44952" status="PASS">
          <reporter-output>
          </reporter-output>
        </test-method> <!-- Zamato -->
      </class> <!-- food.LaunchZamato_Test -->
      <class name="food.LaunchSwigy_Test">
        <test-method signature="Swiggy()[pri:0, instance:food.LaunchSwigy_Test@2e55dd0c]" started-at="2024-04-22T07:59:52 IST" name="Swiggy" finished-at="2024-04-22T08:01:16 IST" duration-ms="84306" status="PASS">
          <reporter-output>
          </reporter-output>
        </test-method> <!-- Swiggy -->
      </class> <!-- food.LaunchSwigy_Test -->
    </test> <!-- Test -->
  </suite> <!-- Suite -->
</testng-results>
